TN:
SF:app/(scrolls)/components/formatReleaseDate.ts
FN:5,formatReleaseDate
FNF:1
FNH:1
FNDA:2,formatReleaseDate
DA:3,1
DA:5,2
DA:6,2
DA:7,1
LF:4
LH:4
BRDA:6,0,0,1
BRDA:6,0,1,1
BRF:2
BRH:2
end_of_record
TN:
SF:app/api/releases/route.ts
FN:17,parseQuery
FN:49,GET
FNF:2
FNH:2
FNDA:3,parseQuery
FNDA:3,GET
DA:1,1
DA:9,1
DA:11,1
DA:12,1
DA:13,1
DA:18,3
DA:20,3
DA:21,3
DA:22,3
DA:23,2
DA:24,2
DA:25,2
DA:27,3
DA:29,3
DA:30,3
DA:31,3
DA:32,1
DA:33,1
DA:34,1
DA:37,3
DA:38,3
DA:39,0
DA:41,3
DA:43,3
DA:44,3
DA:46,3
DA:49,3
DA:50,3
DA:51,3
DA:53,3
DA:55,3
DA:64,0
DA:65,0
DA:67,0
LF:34
LH:30
BRDA:22,0,0,2
BRDA:22,0,1,1
BRDA:24,1,0,0
BRDA:24,1,1,2
BRDA:31,2,0,1
BRDA:31,2,1,2
BRDA:33,3,0,0
BRDA:33,3,1,1
BRDA:33,4,0,1
BRDA:33,4,1,1
BRDA:37,5,0,3
BRDA:37,5,1,1
BRDA:38,6,0,0
BRDA:38,6,1,3
BRDA:44,7,0,1
BRDA:44,7,1,2
BRDA:64,8,0,0
BRDA:64,8,1,0
BRF:18
BRH:13
end_of_record
TN:
SF:app/lib/cn.ts
FN:2,cn
FNF:1
FNH:1
FNDA:16,cn
DA:2,16
DA:3,16
LF:2
LH:2
BRF:0
BRH:0
end_of_record
TN:
SF:app/typography-demo/page.tsx
FN:7,TypographyDemo
FNF:1
FNH:1
FNDA:1,TypographyDemo
DA:3,1
DA:7,1
LF:2
LH:2
BRF:0
BRH:0
end_of_record
TN:
SF:app/ui/Badge.tsx
FN:5,Badge
FNF:1
FNH:0
FNDA:0,Badge
DA:3,1
DA:5,0
LF:2
LH:1
BRDA:7,0,0,0
BRF:1
BRH:0
end_of_record
TN:
SF:app/ui/badge-maps.ts
FN:17,(anonymous_3)
FNF:1
FNH:1
FNDA:2,(anonymous_3)
DA:2,9
DA:17,2
DA:18,2
LF:3
LH:3
BRDA:18,0,0,2
BRDA:18,0,1,1
BRF:2
BRH:2
end_of_record
TN:
SF:app/ui-lab/DemoLab.tsx
FN:28,DemoLab
FN:32,(anonymous_3)
FN:37,(anonymous_4)
FN:82,(anonymous_5)
FN:90,(anonymous_6)
FN:99,(anonymous_7)
FN:115,(anonymous_8)
FN:161,(anonymous_9)
FN:173,(anonymous_10)
FN:180,(anonymous_11)
FNF:10
FNH:4
FNDA:2,DemoLab
FNDA:1,(anonymous_3)
FNDA:6,(anonymous_4)
FNDA:0,(anonymous_5)
FNDA:0,(anonymous_6)
FNDA:0,(anonymous_7)
FNDA:0,(anonymous_8)
FNDA:0,(anonymous_9)
FNDA:0,(anonymous_10)
FNDA:4,(anonymous_11)
DA:3,1
DA:4,1
DA:5,1
DA:6,1
DA:7,1
DA:8,1
DA:9,1
DA:10,1
DA:11,1
DA:13,1
DA:28,1
DA:29,2
DA:30,2
DA:32,2
DA:33,1
DA:34,1
DA:35,1
DA:38,6
DA:40,1
DA:43,2
DA:44,2
DA:46,2
DA:47,2
DA:48,2
DA:82,0
DA:90,0
DA:100,0
DA:115,0
DA:161,0
DA:173,0
DA:181,4
LF:31
LH:25
BRDA:72,0,0,2
BRDA:72,0,1,2
BRDA:147,1,0,2
BRDA:183,2,0,0
BRDA:183,2,1,4
BRF:5
BRH:4
end_of_record
TN:
SF:components/AnnouncementBanner.tsx
FN:22,AnnouncementBanner
FN:44,(anonymous_2)
FNF:2
FNH:2
FNDA:16,AnnouncementBanner
FNDA:1,(anonymous_2)
DA:3,2
DA:15,2
DA:22,15
DA:31,16
DA:32,16
DA:34,15
DA:35,15
DA:44,15
DA:45,1
DA:46,1
LF:10
LH:10
BRDA:25,0,0,4
BRDA:26,1,0,12
BRDA:29,2,0,16
BRDA:32,3,0,1
BRDA:32,3,1,15
BRDA:34,4,0,4
BRDA:34,4,1,11
BRDA:34,5,0,15
BRDA:34,5,1,14
BRDA:39,6,0,15
BRDA:51,7,0,1
BRDA:51,7,1,14
BRDA:58,8,0,15
BRF:13
BRH:13
end_of_record
TN:
SF:components/BrandedLink.tsx
FN:11,cn
FN:15,BrandedLink
FNF:2
FNH:2
FNDA:21,cn
FNDA:21,BrandedLink
DA:3,5
DA:12,21
DA:15,21
LF:3
LH:3
BRDA:32,0,0,21
BRDA:32,0,1,21
BRF:2
BRH:2
end_of_record
TN:
SF:components/Callout.tsx
FN:7,Callout
FNF:1
FNH:1
FNDA:2,Callout
DA:7,2
LF:1
LH:1
BRF:0
BRH:0
end_of_record
TN:
SF:components/Footer.tsx
FN:4,Footer
FNF:1
FNH:1
FNDA:5,Footer
DA:1,4
DA:2,4
DA:4,5
DA:5,5
LF:4
LH:4
BRDA:5,0,0,5
BRDA:5,0,1,0
BRDA:5,1,0,5
BRDA:5,1,1,0
BRF:4
BRH:2
end_of_record
TN:
SF:components/Hero.tsx
FN:15,Hero
FN:17,(anonymous_3)
FN:19,(anonymous_4)
FNF:3
FNH:3
FNDA:2,Hero
FNDA:1,(anonymous_3)
FNDA:1,(anonymous_4)
DA:3,1
DA:4,1
DA:15,2
DA:16,2
DA:17,2
DA:18,1
DA:19,1
DA:20,1
LF:8
LH:8
BRDA:15,0,0,0
BRDA:16,1,0,2
BRDA:16,1,1,0
BRDA:33,2,0,2
BRF:4
BRH:2
end_of_record
TN:
SF:components/Quote.tsx
FN:8,Quote
FNF:1
FNH:1
FNDA:2,Quote
DA:8,2
LF:1
LH:1
BRDA:12,0,0,2
BRF:1
BRH:1
end_of_record
TN:
SF:components/SiteHeader.tsx
FN:5,SiteHeader
FNF:1
FNH:1
FNDA:4,SiteHeader
DA:3,3
DA:5,4
LF:2
LH:2
BRF:0
BRH:0
end_of_record
TN:
SF:components/flowers/FlowersInline.tsx
FN:3,FlowersInline
FNF:1
FNH:1
FNDA:1,FlowersInline
DA:1,1
DA:3,0
DA:12,1
LF:3
LH:2
BRDA:3,0,0,1
BRDA:6,1,0,1
BRF:2
BRH:2
end_of_record
TN:
SF:components/ui/Button.tsx
FN:10,Button
FNF:1
FNH:1
FNDA:2,Button
DA:1,1
DA:2,1
DA:10,0
DA:16,2
DA:31,2
LF:5
LH:4
BRDA:12,0,0,0
BRDA:16,1,0,2
BRDA:16,1,1,0
BRDA:21,2,0,2
BRDA:21,2,1,0
BRF:5
BRH:2
end_of_record
TN:
SF:components/ui/Card.tsx
FN:16,Card
FNF:1
FNH:1
FNDA:14,Card
DA:1,1
DA:2,1
DA:11,1
DA:16,14
DA:23,14
LF:5
LH:5
BRDA:18,0,0,14
BRDA:19,1,0,14
BRDA:23,2,0,14
BRDA:23,2,1,0
BRF:4
BRH:3
end_of_record
TN:
SF:components/ui/CardGrid.tsx
FN:3,CardGrid
FNF:1
FNH:0
FNDA:0,CardGrid
DA:1,1
DA:3,0
LF:2
LH:1
BRF:0
BRH:0
end_of_record
TN:
SF:components/ui/index.ts
FN:11,mapDomainToCardItem
FNF:1
FNH:0
FNDA:0,mapDomainToCardItem
DA:11,0
DA:12,0
DA:15,14
DA:17,1
DA:18,1
LF:5
LH:3
BRF:0
BRH:0
end_of_record
TN:
SF:lib/build-info.ts
FNF:0
FNH:0
DA:16,5
LF:1
LH:1
BRF:0
BRH:0
end_of_record
TN:
SF:lib/datetime.ts
FN:36,parseDateish
FN:43,fmt
FN:76,fmtDate
FN:84,fmtTime
FN:92,fmtDateTime
FN:100,fmtRelative
FNF:6
FNH:5
FNDA:6,parseDateish
FNDA:6,fmt
FNDA:4,fmtDate
FNDA:0,fmtTime
FNDA:1,fmtDateTime
FNDA:1,fmtRelative
DA:7,2
DA:9,2
DA:34,2
DA:37,6
DA:38,4
DA:39,4
DA:40,3
DA:43,0
DA:51,6
DA:52,6
DA:54,3
DA:56,3
DA:57,1
DA:58,1
DA:59,1
DA:60,1
DA:61,1
DA:62,0
DA:63,0
DA:64,0
DA:65,0
DA:68,2
DA:70,2
DA:76,4
DA:81,4
DA:84,0
DA:89,0
DA:92,1
DA:97,1
DA:100,1
DA:101,1
LF:31
LH:24
BRDA:37,0,0,2
BRDA:37,0,1,4
BRDA:38,1,0,0
BRDA:38,1,1,4
BRDA:39,2,0,1
BRDA:39,2,1,3
BRDA:52,3,0,3
BRDA:52,3,1,3
BRDA:54,4,0,0
BRDA:54,5,0,1
BRDA:54,6,0,1
BRDA:54,7,0,3
BRDA:54,7,1,0
BRDA:56,8,0,1
BRDA:56,8,1,2
BRDA:60,9,0,0
BRDA:60,9,1,1
BRDA:61,10,0,1
BRDA:61,10,1,0
BRDA:61,11,0,0
BRDA:61,11,1,1
BRDA:63,12,0,0
BRDA:63,12,1,0
BRDA:63,13,0,0
BRDA:63,13,1,0
BRDA:63,14,0,0
BRDA:63,14,1,0
BRDA:65,15,0,0
BRDA:65,15,1,0
BRDA:65,16,0,0
BRDA:65,16,1,0
BRDA:78,17,0,4
BRDA:79,18,0,4
BRDA:86,19,0,0
BRDA:87,20,0,0
BRDA:94,21,0,1
BRDA:95,22,0,1
BRF:37
BRH:19
end_of_record
TN:
SF:lib/releases.ts
FN:69,getReleases
FN:128,(anonymous_4)
FNF:2
FNH:2
FNDA:4,getReleases
FNDA:3,(anonymous_4)
DA:1,2
DA:3,2
DA:4,2
DA:6,3
DA:69,4
DA:70,4
DA:72,4
DA:73,4
DA:74,4
DA:75,4
DA:77,4
DA:78,1
DA:79,1
DA:80,1
DA:81,1
DA:82,1
DA:85,4
DA:86,4
DA:88,4
DA:89,4
DA:90,4
DA:91,4
DA:93,4
DA:95,4
DA:114,4
DA:120,4
DA:121,4
DA:123,4
DA:128,4
DA:134,4
DA:135,4
DA:136,4
DA:138,4
LF:33
LH:33
BRDA:77,0,0,1
BRDA:77,0,1,3
BRDA:85,1,0,1
BRDA:85,1,1,3
BRDA:86,2,0,1
BRDA:86,2,1,3
BRDA:134,3,0,4
BRDA:134,3,1,0
BRDA:136,4,0,1
BRDA:136,4,1,3
BRF:10
BRH:9
end_of_record
